<?xml version="1.0" encoding="UTF-8"?>
<testsuite name="co.mimetics.controller.UserControllerTest" time="0.009" tests="1" errors="1" skipped="0" failures="0">
  <properties>
[...]
</properties>
  <testcase name="shouldFindOneUserAfterCreating" classname="co.mimetics.controller.UserControllerTest" time="0.009">
    <error type="java.lang.NullPointerException:">java.lang.NullPointerException: null
	at co.mimetics.controller.UserController.addUser(UserController.java:38)
	at co.mimetics.controller.UserControllerTest.shouldFindOneUserAfterCreating(UserControllerTest.java:37)
</error>
    <system-out><![CDATA[22:33:33.111 [main] DEBUG org.springframework.test.context.junit4.SpringJUnit4ClassRunner - SpringJUnit4ClassRunner constructor called with [class co.mimetics.SpringDemoApplicationTests]
22:33:33.118 [main] DEBUG org.springframework.test.context.BootstrapUtils - Instantiating CacheAwareContextLoaderDelegate from class [org.springframework.test.context.cache.DefaultCacheAwareContextLoaderDelegate]
22:33:33.126 [main] DEBUG org.springframework.test.context.BootstrapUtils - Instantiating BootstrapContext using constructor [public org.springframework.test.context.support.DefaultBootstrapContext(java.lang.Class,org.springframework.test.context.CacheAwareContextLoaderDelegate)]
22:33:33.144 [main] DEBUG org.springframework.test.context.BootstrapUtils - Instantiating TestContextBootstrapper for test class [co.mimetics.SpringDemoApplicationTests] from class [org.springframework.test.context.web.WebTestContextBootstrapper]
22:33:33.177 [main] DEBUG org.springframework.test.context.web.WebTestContextBootstrapper - Found explicit ContextLoader class [org.springframework.boot.test.SpringApplicationContextLoader] for context configuration attributes [ContextConfigurationAttributes@77cd7a0 declaringClass = 'co.mimetics.SpringDemoApplicationTests', classes = '{class co.mimetics.AppRunner}', locations = '{}', inheritLocations = true, initializers = '{}', inheritInitializers = true, name = [null], contextLoaderClass = 'org.springframework.boot.test.SpringApplicationContextLoader']
22:33:33.191 [main] DEBUG org.springframework.test.context.support.AbstractContextLoader - Did not detect default resource location for test class [co.mimetics.SpringDemoApplicationTests]: class path resource [co/mimetics/SpringDemoApplicationTests-context.xml] does not exist
22:33:33.192 [main] DEBUG org.springframework.test.context.support.AbstractContextLoader - Did not detect default resource location for test class [co.mimetics.SpringDemoApplicationTests]: class path resource [co/mimetics/SpringDemoApplicationTestsContext.groovy] does not exist
22:33:33.192 [main] INFO org.springframework.test.context.support.AbstractContextLoader - Could not detect default resource locations for test class [co.mimetics.SpringDemoApplicationTests]: no resource found for suffixes {-context.xml, Context.groovy}.
22:33:33.196 [main] DEBUG org.springframework.test.context.support.ActiveProfilesUtils - Could not find an 'annotation declaring class' for annotation type [org.springframework.test.context.ActiveProfiles] and class [co.mimetics.SpringDemoApplicationTests]
22:33:33.203 [main] DEBUG org.springframework.test.context.web.WebTestContextBootstrapper - @TestExecutionListeners is not present for class [co.mimetics.SpringDemoApplicationTests]: using defaults.
22:33:33.213 [main] INFO org.springframework.test.context.web.WebTestContextBootstrapper - Loaded default TestExecutionListener class names from location [META-INF/spring.factories]: [org.springframework.test.context.web.ServletTestExecutionListener, org.springframework.test.context.support.DirtiesContextBeforeModesTestExecutionListener, org.springframework.test.context.support.DependencyInjectionTestExecutionListener, org.springframework.test.context.support.DirtiesContextTestExecutionListener, org.springframework.test.context.transaction.TransactionalTestExecutionListener, org.springframework.test.context.jdbc.SqlScriptsTestExecutionListener]
22:33:33.234 [main] INFO org.springframework.test.context.web.WebTestContextBootstrapper - Using TestExecutionListeners: [org.springframework.test.context.web.ServletTestExecutionListener@5e853265, org.springframework.test.context.support.DirtiesContextBeforeModesTestExecutionListener@67205a84, org.springframework.test.context.support.DependencyInjectionTestExecutionListener@7d0587f1, org.springframework.test.context.support.DirtiesContextTestExecutionListener@5d76b067, org.springframework.test.context.transaction.TransactionalTestExecutionListener@2a17b7b6, org.springframework.test.context.jdbc.SqlScriptsTestExecutionListener@4f063c0a]
22:33:33.238 [main] DEBUG org.springframework.test.annotation.ProfileValueUtils - Retrieved @ProfileValueSourceConfiguration [null] for test class [co.mimetics.SpringDemoApplicationTests]
22:33:33.238 [main] DEBUG org.springframework.test.annotation.ProfileValueUtils - Retrieved ProfileValueSource type [class org.springframework.test.annotation.SystemProfileValueSource] for class [co.mimetics.SpringDemoApplicationTests]
]]></system-out>
  </testcase>
</testsuite>